This is pdfTeX, Version 3.14159265-2.6-1.40.17 (TeX Live 2016) (preloaded format=pdflatex 2016.10.19)  3 OCT 2017 15:37
entering extended mode
 restricted \write18 enabled.
 %&-line parsing enabled.
**bigsnpr-final-supp.tex
(./bigsnpr-final-supp.tex
LaTeX2e <2016/03/31> patch level 3
Babel <3.9r> and hyphenation patterns for 83 language(s) loaded.
(/usr/local/texlive/2016/texmf-dist/tex/latex/base/article.cls
Document Class: article 2014/09/29 v1.4h Standard LaTeX document class
(/usr/local/texlive/2016/texmf-dist/tex/latex/base/size11.clo
File: size11.clo 2014/09/29 v1.4h Standard LaTeX file (size option)
)
\c@part=\count79
\c@section=\count80
\c@subsection=\count81
\c@subsubsection=\count82
\c@paragraph=\count83
\c@subparagraph=\count84
\c@figure=\count85
\c@table=\count86
\abovecaptionskip=\skip41
\belowcaptionskip=\skip42
\bibindent=\dimen102
) (./graphicx.sty
Package: graphicx 1999/02/16 v1.0f Enhanced LaTeX Graphics (DPC,SPQR)
(/usr/local/texlive/2016/texmf-dist/tex/latex/graphics/keyval.sty
Package: keyval 2014/10/28 v1.15 key=value parser (DPC)
\KV@toks@=\toks14
)
(/usr/local/texlive/2016/texmf-dist/tex/latex/graphics/graphics.sty
Package: graphics 2016/10/09 v1.0u Standard LaTeX Graphics (DPC,SPQR)

(/usr/local/texlive/2016/texmf-dist/tex/latex/graphics/trig.sty
Package: trig 2016/01/03 v1.10 sin cos tan (DPC)
)
(/usr/local/texlive/2016/texmf-dist/tex/latex/graphics-cfg/graphics.cfg
File: graphics.cfg 2016/06/04 v1.11 sample graphics configuration
)
Package graphics Info: Driver file: pdftex.def on input line 99.

(/usr/local/texlive/2016/texmf-dist/tex/latex/graphics-def/pdftex.def
File: pdftex.def 2017/01/12 v0.06k Graphics/color for pdfTeX

(/usr/local/texlive/2016/texmf-dist/tex/generic/oberdiek/infwarerr.sty
Package: infwarerr 2016/05/16 v1.4 Providing info/warning/error messages (HO)
)
(/usr/local/texlive/2016/texmf-dist/tex/generic/oberdiek/ltxcmds.sty
Package: ltxcmds 2016/05/16 v1.23 LaTeX kernel commands for general use (HO)
)
\Gread@gobject=\count87
))
\Gin@req@height=\dimen103
\Gin@req@width=\dimen104
)
(./bigsnpr-final-supp.aux)
\openout1 = `bigsnpr-final-supp.aux'.

LaTeX Font Info:    Checking defaults for OML/cmm/m/it on input line 5.
LaTeX Font Info:    ... okay on input line 5.
LaTeX Font Info:    Checking defaults for T1/cmr/m/n on input line 5.
LaTeX Font Info:    ... okay on input line 5.
LaTeX Font Info:    Checking defaults for OT1/cmr/m/n on input line 5.
LaTeX Font Info:    ... okay on input line 5.
LaTeX Font Info:    Checking defaults for OMS/cmsy/m/n on input line 5.
LaTeX Font Info:    ... okay on input line 5.
LaTeX Font Info:    Checking defaults for OMX/cmex/m/n on input line 5.
LaTeX Font Info:    ... okay on input line 5.
LaTeX Font Info:    Checking defaults for U/cmr/m/n on input line 5.
LaTeX Font Info:    ... okay on input line 5.

(/usr/local/texlive/2016/texmf-dist/tex/context/base/mkii/supp-pdf.mkii
[Loading MPS to PDF converter (version 2006.09.02).]
\scratchcounter=\count88
\scratchdimen=\dimen105
\scratchbox=\box26
\nofMPsegments=\count89
\nofMParguments=\count90
\everyMPshowfont=\toks15
\MPscratchCnt=\count91
\MPscratchDim=\dimen106
\MPnumerator=\count92
\makeMPintoPDFobject=\count93
\everyMPtoPDFconversion=\toks16
) (/usr/local/texlive/2016/texmf-dist/tex/generic/oberdiek/pdftexcmds.sty
Package: pdftexcmds 2016/05/21 v0.22 Utility functions of pdfTeX for LuaTeX (HO
)

(/usr/local/texlive/2016/texmf-dist/tex/generic/oberdiek/ifluatex.sty
Package: ifluatex 2016/05/16 v1.4 Provides the ifluatex switch (HO)
Package ifluatex Info: LuaTeX not detected.
)
(/usr/local/texlive/2016/texmf-dist/tex/generic/oberdiek/ifpdf.sty
Package: ifpdf 2016/05/14 v3.1 Provides the ifpdf switch
)
Package pdftexcmds Info: LuaTeX not detected.
Package pdftexcmds Info: \pdf@primitive is available.
Package pdftexcmds Info: \pdf@ifprimitive is available.
Package pdftexcmds Info: \pdfdraftmode found.
)
(/usr/local/texlive/2016/texmf-dist/tex/latex/oberdiek/epstopdf-base.sty
Package: epstopdf-base 2016/05/15 v2.6 Base part for package epstopdf

(/usr/local/texlive/2016/texmf-dist/tex/latex/oberdiek/grfext.sty
Package: grfext 2016/05/16 v1.2 Manage graphics extensions (HO)

(/usr/local/texlive/2016/texmf-dist/tex/generic/oberdiek/kvdefinekeys.sty
Package: kvdefinekeys 2016/05/16 v1.4 Define keys (HO)
))
(/usr/local/texlive/2016/texmf-dist/tex/latex/oberdiek/kvoptions.sty
Package: kvoptions 2016/05/16 v3.12 Key value format for package options (HO)

(/usr/local/texlive/2016/texmf-dist/tex/generic/oberdiek/kvsetkeys.sty
Package: kvsetkeys 2016/05/16 v1.17 Key value parser (HO)

(/usr/local/texlive/2016/texmf-dist/tex/generic/oberdiek/etexcmds.sty
Package: etexcmds 2016/05/16 v1.6 Avoid name clashes with e-TeX commands (HO)
Package etexcmds Info: Could not find \expanded.
(etexcmds)             That can mean that you are not using pdfTeX 1.50 or
(etexcmds)             that some package has redefined \expanded.
(etexcmds)             In the latter case, load this package earlier.
)))
Package epstopdf-base Info: Redefining graphics rule for `.eps' on input line 4
38.
Package grfext Info: Graphics extension search list:
(grfext)             [.png,.pdf,.jpg,.mps,.jpeg,.jbig2,.jb2,.PNG,.PDF,.JPG,.JPE
G,.JBIG2,.JB2,.eps]
(grfext)             \AppendGraphicsExtensions on input line 456.

(/usr/local/texlive/2016/texmf-dist/tex/latex/latexconfig/epstopdf-sys.cfg
File: epstopdf-sys.cfg 2010/07/13 v1.3 Configuration of (r)epstopdf for TeX Liv
e
))
LaTeX Font Info:    External font `cmex10' loaded for size
(Font)              <10.95> on input line 19.
LaTeX Font Info:    External font `cmex10' loaded for size
(Font)              <8> on input line 19.
LaTeX Font Info:    External font `cmex10' loaded for size
(Font)              <6> on input line 19.

Underfull \hbox (badness 10000) in paragraph at lines 28--28
[]\OT1/cmr/m/n/10.95 Table S1: Re-gions found by snp[]autoSVD for the POPRES
 []


Overfull \hbox (195.60327pt too wide) in paragraph at lines 28--28
\OT1/cmr/m/n/10.95 [[]]. 
 []


Overfull \hbox (27.19608pt too wide) in paragraph at lines 36--52
 [][] 
 []


Underfull \hbox (badness 2343) in paragraph at lines 71--71
[]\OT1/cmr/m/n/10.95 Table S3: Re-gions found by snp[]autoSVD for the celiac da
taset.
 []


Underfull \hbox (badness 10000) in paragraph at lines 71--71
\OT1/cmr/m/n/10.95 Num-bers in paren-the-ses cor-re-spond to re-gions ref-er-en
ced in
 []


Overfull \hbox (195.60327pt too wide) in paragraph at lines 71--71
\OT1/cmr/m/n/10.95 [[]]. 
 []


Overfull \hbox (20.35233pt too wide) in paragraph at lines 79--95
 [][] 
 []

<../figures/scores.png, id=1, 1580.304pt x 722.7pt>
File: ../figures/scores.png Graphic file (type png)

<use ../figures/scores.png>
Package pdftex.def Info: ../figures/scores.png used on input line 100.
(pdftex.def)             Requested size: 360.0pt x 164.62953pt.

<../figures/loadings.png, id=2, 1561.032pt x 886.512pt>
File: ../figures/loadings.png Graphic file (type png)

<use ../figures/loadings.png>
Package pdftex.def Info: ../figures/loadings.png used on input line 105.
(pdftex.def)             Requested size: 360.0pt x 204.44807pt.

<../figures/gini.png, id=3, 1292.1876pt x 833.514pt>
File: ../figures/gini.png Graphic file (type png)
 <use ../figures/gini.png>
Package pdftex.def Info: ../figures/gini.png used on input line 110.
(pdftex.def)             Requested size: 360.0pt x 232.21223pt.

[1

{/usr/local/texlive/2016/texmf-var/fonts/map/pdftex/updmap/pdftex.map}]
[2] [3 <../figures/scores.png (PNG copy)> <../figures/loadings.png (PNG copy)>]
[4 <../figures/gini.png (PNG copy)>]
<../figures/hist-maf.png, id=23, 1252.68pt x 867.24pt>
File: ../figures/hist-maf.png Graphic file (type png)

<use ../figures/hist-maf.png>
Package pdftex.def Info: ../figures/hist-maf.png used on input line 118.
(pdftex.def)             Requested size: 360.0pt x 249.23032pt.

<../figures/hist-NA.png, id=24, 1252.68pt x 867.24pt>
File: ../figures/hist-NA.png Graphic file (type png)

<use ../figures/hist-NA.png>
Package pdftex.def Info: ../figures/hist-NA.png used on input line 123.
(pdftex.def)             Requested size: 360.0pt x 249.23032pt.

<../figures/error-impute.png, id=25, 963.6pt x 963.6pt>
File: ../figures/error-impute.png Graphic file (type png)

<use ../figures/error-impute.png>
Package pdftex.def Info: ../figures/error-impute.png used on input line 128.
(pdftex.def)             Requested size: 360.0pt x 359.99641pt.
 (./bigsnpr-final-supp.bbl
Overfull \hbox (198.0366pt too wide) in paragraph at lines 10--14
[]
 []

) [5 <../figures/hist-maf.png>] [6 <../figures/hist-NA.png>] [7 <../figures/err
or-impute.png (PNG copy)>] (./bigsnpr-final-supp.aux) ) 
Here is how much of TeX's memory you used:
 1537 strings out of 493013
 22478 string characters out of 6133327
 94012 words of memory out of 5000000
 5082 multiletter control sequences out of 15000+600000
 7935 words of font info for 28 fonts, out of 8000000 for 9000
 1141 hyphenation exceptions out of 8191
 40i,7n,28p,538b,227s stack positions out of 5000i,500n,10000p,200000b,80000s
</usr/local/texlive/2016
/texmf-dist/fonts/type1/public/amsfonts/cm/cmbx12.pfb></usr/local/texlive/2016/
texmf-dist/fonts/type1/public/amsfonts/cm/cmmi10.pfb></usr/local/texlive/2016/t
exmf-dist/fonts/type1/public/amsfonts/cm/cmr10.pfb></usr/local/texlive/2016/tex
mf-dist/fonts/type1/public/amsfonts/cm/cmr8.pfb></usr/local/texlive/2016/texmf-
dist/fonts/type1/public/amsfonts/cm/cmti10.pfb>
Output written on bigsnpr-final-supp.pdf (7 pages, 4325571 bytes).
PDF statistics:
 56 PDF objects out of 1000 (max. 8388607)
 33 compressed objects within 1 object stream
 0 named destinations out of 1000 (max. 500000)
 31 words of extra memory for PDF output out of 10000 (max. 10000000)

